# JRE version: OpenJDK Runtime Environment Microsoft-11933218 (21.0.8+9) (build 21.0.8+9-LTS)
# Java VM: OpenJDK 64-Bit Server VM Microsoft-11933218 (21.0.8+9-LTS, mixed mode, sharing, tiered, compressed oops, compressed class ptrs, g1 gc, windows-amd64)
GC Precious Log:
 CardTable entry size: 512
 Card Set container configuration: InlinePtr #cards 5 size 8 Array Of Cards #cards 12 size 40 Howl #buckets 4 coarsen threshold 1843 Howl Bitmap #cards 512 size 80 coarsen threshold 460 Card regions per heap region 1 cards per card region 2048
 CPUs: 16 total, 16 available
 Memory: 7596M
 Large Page Support: Disabled
 NUMA Support: Disabled
 Compressed Oops: Enabled (32-bit)
 Heap Region Size: 1M
 Heap Min Capacity: 8M
 Heap Initial Capacity: 120M
 Heap Max Capacity: 1900M
 Pre-touch: Disabled
 Parallel Workers: 13
 Concurrent Workers: 3
 Concurrent Refinement Workers: 13
 Periodic GC: Disabled
Heap:
 garbage-first heap   total 110592K, used 68409K [0x0000000089400000, 0x0000000100000000)
  region size 1024K, 37 young (37888K), 0 survivors (0K)
 Metaspace       used 75805K, committed 76800K, reserved 1179648K
  class space    used 9639K, committed 10112K, reserved 1048576K
GC Heap History (20 events):
Event: 7.992 GC heap before
{Heap before GC invocations=13 (full 0):
 garbage-first heap   total 59392K, used 50799K [0x0000000089400000, 0x0000000100000000)
  region size 1024K, 24 young (24576K), 3 survivors (3072K)
 Metaspace       used 59321K, committed 60096K, reserved 1114112K
  class space    used 7564K, committed 7936K, reserved 1048576K
}
Event: 7.996 GC heap after
{Heap after GC invocations=14 (full 0):
 garbage-first heap   total 59392K, used 32236K [0x0000000089400000, 0x0000000100000000)
  region size 1024K, 3 young (3072K), 3 survivors (3072K)
 Metaspace       used 59321K, committed 60096K, reserved 1114112K
  class space    used 7564K, committed 7936K, reserved 1048576K
}
Event: 20.639 GC heap before
{Heap before GC invocations=15 (full 0):
 garbage-first heap   total 59392K, used 50668K [0x0000000089400000, 0x0000000100000000)
  region size 1024K, 21 young (21504K), 3 survivors (3072K)
 Metaspace       used 64073K, committed 65024K, reserved 1114112K
  class space    used 8200K, committed 8640K, reserved 1048576K
}
Event: 20.644 GC heap after
{Heap after GC invocations=16 (full 0):
 garbage-first heap   total 59392K, used 33667K [0x0000000089400000, 0x0000000100000000)
  region size 1024K, 2 young (2048K), 2 survivors (2048K)
 Metaspace       used 64073K, committed 65024K, reserved 1114112K
  class space    used 8200K, committed 8640K, reserved 1048576K
}
Event: 21.130 GC heap before
{Heap before GC invocations=16 (full 0):
 garbage-first heap   total 59392K, used 51075K [0x0000000089400000, 0x0000000100000000)
  region size 1024K, 20 young (20480K), 2 survivors (2048K)
 Metaspace       used 68992K, committed 69952K, reserved 1114112K
  class space    used 8879K, committed 9280K, reserved 1048576K
}
Event: 21.133 GC heap after
{Heap after GC invocations=17 (full 0):
 garbage-first heap   total 59392K, used 34208K [0x0000000089400000, 0x0000000100000000)
  region size 1024K, 3 young (3072K), 3 survivors (3072K)
 Metaspace       used 68992K, committed 69952K, reserved 1114112K
  class space    used 8879K, committed 9280K, reserved 1048576K
}
Event: 22.817 GC heap before
{Heap before GC invocations=17 (full 0):
 garbage-first heap   total 59392K, used 49568K [0x0000000089400000, 0x0000000100000000)
  region size 1024K, 19 young (19456K), 3 survivors (3072K)
 Metaspace       used 73587K, committed 74496K, reserved 1179648K
  class space    used 9404K, committed 9792K, reserved 1048576K
}
Event: 22.821 GC heap after
{Heap after GC invocations=18 (full 0):
 garbage-first heap   total 59392K, used 36773K [0x0000000089400000, 0x0000000100000000)
  region size 1024K, 3 young (3072K), 3 survivors (3072K)
 Metaspace       used 73587K, committed 74496K, reserved 1179648K
  class space    used 9404K, committed 9792K, reserved 1048576K
}
Event: 22.908 GC heap before
{Heap before GC invocations=19 (full 0):
 garbage-first heap   total 61440K, used 52133K [0x0000000089400000, 0x0000000100000000)
  region size 1024K, 18 young (18432K), 3 survivors (3072K)
 Metaspace       used 73907K, committed 74880K, reserved 1179648K
  class space    used 9426K, committed 9856K, reserved 1048576K
}
Event: 22.911 GC heap after
{Heap after GC invocations=20 (full 0):
 garbage-first heap   total 61440K, used 37553K [0x0000000089400000, 0x0000000100000000)
  region size 1024K, 1 young (1024K), 1 survivors (1024K)
 Metaspace       used 73907K, committed 74880K, reserved 1179648K
  class space    used 9426K, committed 9856K, reserved 1048576K
}
Event: 22.930 GC heap before
{Heap before GC invocations=20 (full 0):
 garbage-first heap   total 61440K, used 54961K [0x0000000089400000, 0x0000000100000000)
  region size 1024K, 18 young (18432K), 1 survivors (1024K)
 Metaspace       used 73924K, committed 74880K, reserved 1179648K
  class space    used 9426K, committed 9856K, reserved 1048576K
}
Event: 22.933 GC heap after
{Heap after GC invocations=21 (full 0):
 garbage-first heap   total 61440K, used 36884K [0x0000000089400000, 0x0000000100000000)
  region size 1024K, 1 young (1024K), 1 survivors (1024K)
 Metaspace       used 73924K, committed 74880K, reserved 1179648K
  class space    used 9426K, committed 9856K, reserved 1048576K
}
Event: 22.952 GC heap before
{Heap before GC invocations=21 (full 0):
 garbage-first heap   total 61440K, used 55316K [0x0000000089400000, 0x0000000100000000)
  region size 1024K, 19 young (19456K), 1 survivors (1024K)
 Metaspace       used 73924K, committed 74880K, reserved 1179648K
  class space    used 9426K, committed 9856K, reserved 1048576K
}
Event: 22.954 GC heap after
{Heap after GC invocations=22 (full 0):
 garbage-first heap   total 61440K, used 36789K [0x0000000089400000, 0x0000000100000000)
  region size 1024K, 1 young (1024K), 1 survivors (1024K)
 Metaspace       used 73924K, committed 74880K, reserved 1179648K
  class space    used 9426K, committed 9856K, reserved 1048576K
}
Event: 22.976 GC heap before
{Heap before GC invocations=22 (full 0):
 garbage-first heap   total 61440K, used 56245K [0x0000000089400000, 0x0000000100000000)
  region size 1024K, 20 young (20480K), 1 survivors (1024K)
 Metaspace       used 73924K, committed 74880K, reserved 1179648K
  class space    used 9426K, committed 9856K, reserved 1048576K
}
Event: 22.978 GC heap after
{Heap after GC invocations=23 (full 0):
 garbage-first heap   total 110592K, used 36788K [0x0000000089400000, 0x0000000100000000)
  region size 1024K, 1 young (1024K), 1 survivors (1024K)
 Metaspace       used 73924K, committed 74880K, reserved 1179648K
  class space    used 9426K, committed 9856K, reserved 1048576K
}
Event: 23.057 GC heap before
{Heap before GC invocations=24 (full 0):
 garbage-first heap   total 110592K, used 97204K [0x0000000089400000, 0x0000000100000000)
  region size 1024K, 60 young (61440K), 1 survivors (1024K)
 Metaspace       used 73926K, committed 74944K, reserved 1179648K
  class space    used 9426K, committed 9856K, reserved 1048576K
}
Event: 23.059 GC heap after
{Heap after GC invocations=25 (full 0):
 garbage-first heap   total 110592K, used 36800K [0x0000000089400000, 0x0000000100000000)
  region size 1024K, 1 young (1024K), 1 survivors (1024K)
 Metaspace       used 73926K, committed 74944K, reserved 1179648K
  class space    used 9426K, committed 9856K, reserved 1048576K
}
Event: 314.458 GC heap before
{Heap before GC invocations=25 (full 0):
 garbage-first heap   total 110592K, used 86976K [0x0000000089400000, 0x0000000100000000)
  region size 1024K, 51 young (52224K), 1 survivors (1024K)
 Metaspace       used 75371K, committed 76416K, reserved 1179648K
  class space    used 9621K, committed 10112K, reserved 1048576K
}
Event: 314.654 GC heap after
{Heap after GC invocations=26 (full 1):
 garbage-first heap   total 110592K, used 31545K [0x0000000089400000, 0x0000000100000000)
  region size 1024K, 0 young (0K), 0 survivors (0K)
 Metaspace       used 75371K, committed 76416K, reserved 1179648K
  class space    used 9621K, committed 10112K, reserved 1048576K
}

